<?xml version="1.0" encoding="UTF-8"?>
<!-- Generated by org.testng.reporters.JUnitReportReporter -->
<testsuite hostname="Shashwat" failures="0" tests="1" name="testng_new" time="-3590.559" errors="0" timestamp="24 Jul 2020 10:05:07 GMT" skipped="0">
  <testcase classname="testng_new" name="verify" time="-3590.559"/>
</testsuite> <!-- testng_new -->
