<?xml version="1.0" encoding="UTF-8"?>
<!-- Generated by org.testng.reporters.JUnitReportReporter -->
<testsuite hostname="Shashwat" failures="0" tests="1" name="TestNG.verifyaddbook" time="8.473" errors="0" timestamp="23 Jul 2020 10:31:54 GMT" skipped="0">
  <testcase classname="TestNG.verifyaddbook" name="f" time="8.473"/>
</testsuite> <!-- TestNG.verifyaddbook -->
